samples/build/outputs/logs/manifest-merger-debug-report.txt
-- Merging decision tree log ---
manifest
ADDED from src\main\AndroidManifest.xml:19:1-56:12
INJECTED from src\main\AndroidManifest.xml:19:1-56:12
INJECTED from src\main\AndroidManifest.xml:19:1-56:12
INJECTED from src\main\AndroidManifest.xml:19:1-56:12
MERGED from [:library] AndroidManifest.xml:18:1-30:12
INJECTED from src\main\AndroidManifest.xml:19:1-56:12
INJECTED from src\main\AndroidManifest.xml:19:1-56:12
INJECTED from src\main\AndroidManifest.xml:19:1-56:12
	package
		ADDED from src\main\AndroidManifest.xml:20:11-60
		INJECTED from src\main\AndroidManifest.xml
		INJECTED from src\main\AndroidManifest.xml
	android:versionName
		ADDED from src\main\AndroidManifest.xml:22:11-38
		INJECTED from src\main\AndroidManifest.xml
		INJECTED from src\main\AndroidManifest.xml
	xmlns:android
		ADDED from src\main\AndroidManifest.xml:19:11-69
	android:versionCode
		ADDED from src\main\AndroidManifest.xml:21:11-34
		INJECTED from src\main\AndroidManifest.xml
		INJECTED from src\main\AndroidManifest.xml
uses-sdk
ADDED from src\main\AndroidManifest.xml:24:5-46
INJECTED from src\main\AndroidManifest.xml:24:5-46
INJECTED from src\main\AndroidManifest.xml:24:5-46
MERGED from [:library] AndroidManifest.xml:23:5-25:41
MERGED from [:library] AndroidManifest.xml:23:5-25:41
INJECTED from src\main\AndroidManifest.xml:24:5-46
INJECTED from src\main\AndroidManifest.xml:24:5-46
	android:targetSdkVersion
		ADDED from src\main\AndroidManifest.xml:24:15-44
		INJECTED from src\main\AndroidManifest.xml
		INJECTED from src\main\AndroidManifest.xml
	android:minSdkVersion
		INJECTED from src\main\AndroidManifest.xml
		ADDED from src\main\AndroidManifest.xml:24:5-46
		INJECTED from src\main\AndroidManifest.xml
application
ADDED from src\main\AndroidManifest.xml:26:5-55:19
MERGED from [:library] AndroidManifest.xml:27:5-28:19
MERGED from [:library] AndroidManifest.xml:27:5-28:19
	android:label
		ADDED from src\main\AndroidManifest.xml:27:9-41
	android:icon
		ADDED from src\main\AndroidManifest.xml:28:9-45
	android:theme
		ADDED from src\main\AndroidManifest.xml:29:9-51
activity#at.technikum.mti.fancycoverflow.samples.MainActivity
ADDED from src\main\AndroidManifest.xml:30:9-37:20
	android:label
		ADDED from src\main\AndroidManifest.xml:32:13-45
	android:name
		ADDED from src\main\AndroidManifest.xml:31:13-41
intent-filter#action:name:android.intent.action.MAIN+category:name:android.intent.category.LAUNCHER
ADDED from src\main\AndroidManifest.xml:33:13-36:29
action#android.intent.action.MAIN
ADDED from src\main\AndroidManifest.xml:34:17-68
	android:name
		ADDED from src\main\AndroidManifest.xml:34:25-66
category#android.intent.category.LAUNCHER
ADDED from src\main\AndroidManifest.xml:35:17-76
	android:name
		ADDED from src\main\AndroidManifest.xml:35:27-74
activity#at.technikum.mti.fancycoverflow.samples.example.SimpleExample
ADDED from src\main\AndroidManifest.xml:39:9-41:60
	android:label
		ADDED from src\main\AndroidManifest.xml:41:13-58
	android:name
		ADDED from src\main\AndroidManifest.xml:40:13-50
activity#at.technikum.mti.fancycoverflow.samples.example.ViewGroupExample
ADDED from src\main\AndroidManifest.xml:43:9-45:63
	android:label
		ADDED from src\main\AndroidManifest.xml:45:13-61
	android:name
		ADDED from src\main\AndroidManifest.xml:44:13-53
activity#at.technikum.mti.fancycoverflow.samples.example.ViewGroupReflectionExample
ADDED from src\main\AndroidManifest.xml:47:9-49:73
	android:label
		ADDED from src\main\AndroidManifest.xml:49:13-71
	android:name
		ADDED from src\main\AndroidManifest.xml:48:13-63
activity#at.technikum.mti.fancycoverflow.samples.example.XmlInflateExample
ADDED from src\main\AndroidManifest.xml:51:9-54:15
	android:label
		ADDED from src\main\AndroidManifest.xml:53:13-63
	android:name
		ADDED from src\main\AndroidManifest.xml:52:13-54